<?xml version="1.0" encoding="utf-8"?>
<coverage line-rate="0.6631" branch-rate="0.4978" version="1.9" timestamp="1784528374" lines-covered="2869" lines-valid="4326" branches-covered="811" branches-valid="1629">
  <sources>
    <source>E:\Upkilo App\upkilo\src\backend\Upkilo.Infrastructure\Services\</source>
  </sources>
  <packages>
    <package name="Upkilo.Application" line-rate="1" branch-rate="1" complexity="0">
      <classes />
    </package>
    <package name="Upkilo.Infrastructure" line-rate="0.6631" branch-rate="0.4978" complexity="1733">
      <classes>
        <class name="Upkilo.Infrastructure.Services.AuthService" filename="AuthService.cs" line-rate="0.877" branch-rate="0.6111" complexity="42">
          <methods>
            <method name="ValidatePasswordStrength" signature="(System.String)" line-rate="1" branch-rate="1" complexity="12">
              <lines>
                <line number="288" hits="8" branch="False" />
                <line number="289" hits="8" branch="False" />
                <line number="291" hits="8" branch="True" condition-coverage="100% (2/2)">
                  <conditions>
                    <condition number="15" type="jump" coverage="100%" />
                  </conditions>
                </line>
                <line number="292" hits="1" branch="False" />
                <line number="294" hits="7" branch="False" />
                <line number="295" hits="7" branch="True" condition-coverage="100% (2/2)">
                  <conditions>
                    <condition number="46" type="jump" coverage="100%" />
                  </conditions>
                </line>
                <line number="296" hits="2" branch="False" />
                <line number="297" hits="7" branch="True" condition-coverage="100% (2/2)">
                  <conditions>
                    <condition number="125" type="jump" coverage="100%" />
                  </conditions>
                </line>
                <line number="298" hits="2" branch="False" />
                <line number="299" hits="7" branch="True" condition-coverage="100% (2/2)">
                  <conditions>
                    <condition number="157" type="jump" coverage="100%" />
                  </conditions>
                </line>
                <line number="300" hits="1" branch="False" />
                <line number="301" hits="7" branch="True" condition-coverage="100% (2/2)">
                  <conditions>
                    <condition number="189" type="jump" coverage="100%" />
                  </conditions>
                </line>
                <line number="302" hits="2" branch="False" />
                <line number="303" hits="7" branch="True" condition-coverage="100% (2/2)">
                  <conditions>
                    <condition number="221" type="jump" coverage="100%" />
                  </conditions>
                </line>
                <line number="304" hits="2" branch="False" />
                <line number="305" hits="7" branch="False" />
                <line number="307" hits="8" branch="False" />
                <line number="308" hits="8" branch="False" />
              </lines>
            </method>
            <method name="GenerateSlug" signature="(System.String)" line-rate="1" branch-rate="1" complexity="1">
              <lines>
                <line number="966" hits="1" branch="False" />
                <line number="967" hits="1" branch="False" />
                <line number="968" hits="1" branch="False" />
                <line number="969" hits="1" branch="False" />
                <line number="970" hits="1" branch="False" />
                <line number="971" hits="1" branch="False" />
                <line number="972" hits="1" branch="False" />
              </lines>
            </method>
            <method name="GenerateJwtToken" signature="(Upkilo.Core.Entities.User,System.Guid,System.Boolean)" line-rate="0.9333" branch-rate="0.5" complexity="12">
              <lines>
                <line number="1026" hits="3" branch="False" />
                <line number="1027" hits="3" branch="False" />
                <line number="1028" hits="3" branch="True" condition-coverage="50% (5/10)">
                  <conditions>
                    <condition number="24" type="jump" coverage="50%" />
                    <condition number="38" type="jump" coverage="50%" />
                    <condition number="52" type="jump" coverage="50%" />
                    <condition number="66" type="jump" coverage="50%" />
                    <condition number="85" type="jump" coverage="50%" />
                  </conditions>
                </line>
                <line number="1029" hits="3" branch="False" />
                <line number="1030" hits="3" branch="False" />
                <line number="1031" hits="3" branch="False" />
                <line number="1032" hits="3" branch="False" />
                <line number="1033" hits="0" branch="False" />
                <line number="1034" hits="0" branch="False" />
                <line number="1037" hits="3" branch="False" />
                <line number="1038" hits="3" branch="False" />
                <line number="1040" hits="3" branch="True" condition-coverage="50% (1/2)">
                  <conditions>
                    <condition number="216" type="jump" coverage="50%" />
                  </conditions>
                </line>
                <line number="1041" hits="3" branch="False" />
                <line number="1042" hits="3" branch="False" />
                <line number="1043" hits="3" branch="False" />
                <line number="1044" hits="3" branch="False" />
                <line number="1045" hits="3" branch="False" />
                <line number="1046" hits="3" branch="False" />
                <line number="1047" hits="3" branch="False" />
                <line number="1048" hits="3" branch="False" />
                <line number="1052" hits="3" branch="False" />
                <line number="1054" hits="3" branch="False" />
                <line number="1055" hits="3" branch="False" />
                <line number="1056" hits="3" branch="False" />
                <line number="1057" hits="3" branch="False" />
                <line number="1058" hits="3" branch="False" />
                <line number="1059" hits="3" branch="False" />
                <line number="1060" hits="3" branch="False" />
                <line number="1062" hits="3" branch="False" />
                <line number="1063" hits="3" branch="False" />
              </lines>
            </method>
            <method name="GenerateSecureToken" signature="()" line-rate="1" branch-rate="1" complexity="1">
              <lines>
                <line number="1157" hits="4" branch="False" />
                <line number="1158" hits="4" branch="False" />
                <line number="1159" hits="4" branch="False" />
                <line number="1160" hits="4" branch="False" />
                <line number="1162" hits="4" branch="False" />
                <line number="1163" hits="4" branch="False" />
              </lines>
            </method>
            <method name="HashToken" signature="(System.String)" line-rate="1" branch-rate="1" complexity="1">
              <lines>
                <line number="1166" hits="5" branch="False" />
                <line number="1167" hits="5" branch="False" />
                <line number="1168" hits="5" branch="False" />
                <line number="1169" hits="5" branch="False" />
                <line number="1170" hits="5" branch="False" />
                <line number="1171" hits="5" branch="False" />
              </lines>
            </method>
            <method name="HashPassword" signature="(System.String)" line-rate="1" branch-rate="1" complexity="1">
              <lines>
                <line number="1174" hits="1" branch="False" />
                <line number="1175" hits="1" branch="False" />
                <line number="1176" hits="1" branch="False" />
              </lines>
            </method>
            <method name="VerifyPassword" signature="(System.String,System.String)" line-rate="0.5714" branch-rate="1" complexity="1">
              <lines>
                <line number="1179" hits="2" branch="False" />
                <line number="1181" hits="2" branch="False" />
                <line number="1182" hits="2" branch="False" />
                <line number="1184" hits="0" branch="False" />
                <line number="1185" hits="0" branch="False" />
                <line number="1186" hits="0" branch="False" />
                <line number="1188" hits="2" branch="False" />
              </lines>
            </method>
            <method name="IsLegacyHash" signature="(System.String)" line-rate="1" branch-rate="0.5" complexity="2">
              <lines>
                <line number="1194" hits="2" branch="True" condition-coverage="50% (1/2)">
                  <conditions>
                    <condition number="6" type="jump" coverage="50%" />
                  </conditions>
                </line>
              </lines>
            </method>
            <method name="VerifyLegacyHash" signature="(System.String,System.String)" line-rate="0" branch-rate="0" complexity="4">
              <lines>
                <line number="1200" hits="0" branch="False" />
                <line number="1201" hits="0" branch="False" />
                <line number="1202" hits="0" branch="False" />
                <line number="1204" hits="0" branch="False" />
                <line number="1205" hits="0" branch="True" condition-coverage="0% (0/2)">
                  <conditions>
                    <condition number="48" type="jump" coverage="0%" />
                  </conditions>
                </line>
                <line number="1207" hits="0" branch="False" />
                <line number="1208" hits="0" branch="True" condition-coverage="0% (0/2)">
                  <conditions>
                    <condition number="83" type="jump" coverage="0%" />
                  </conditions>
                </line>
                <line number="1210" hits="0" branch="False" />
                <line number="1211" hits="0" branch="False" />
                <line number="1212" hits="0" branch="False" />
              </lines>
            </method>
            <method name="NeedsBCryptUpgrade" signature="(System.String)" line-rate="1" branch-rate="0.5" complexity="6">
              <lines>
                <line number="1216" hits="1" branch="False" />
                <line number="1217" hits="1" branch="True" condition-coverage="50% (1/2)">
                  <conditions>
                    <condition number="17" type="jump" coverage="50%" />
                  </conditions>
                </line>
                <line number="1218" hits="1" branch="False" />
                <line number="1219" hits="1" branch="True" condition-coverage="50% (2/4)">
                  <conditions>
                    <condition number="37" type="jump" coverage="50%" />
                    <condition number="49" type="jump" coverage="50%" />
                  </conditions>
                </line>
                <line number="1220" hits="1" branch="False" />
              </lines>
            </method>
            <method name=".ctor" signature="(Upkilo.Infrastructure.Data.AppDbContext,Upkilo.Core.Interfaces.IEmailService,Upkilo.Core.Interfaces.ITwoFactorService,Microsoft.Extensions.Configuration.IConfiguration,Upkilo.Core.Interfaces.ISecretProvider,Upkilo.Core.Interfaces.ISubscriptionService,Upkilo.Infrastructure.Services.SiemLoggingService,Microsoft.Extensions.Caching.Distributed.IDistributedCache,Upkilo.Core.Interfaces.IBusinessMetrics,Microsoft.Extensions.Logging.ILogger`1&lt;Upkilo.Infrastructure.Services.AuthService&gt;,FluentValidation.IValidator`1&lt;Upkilo.Core.DTOs.RegisterRequest&gt;,Upkilo.Core.Interfaces.IDbConnectionSelector,Microsoft.AspNetCore.Http.IHttpContextAccessor)" line-rate="1" branch-rate="1" complexity="1">
              <lines>
                <line number="52" hits="18" branch="False" />
                <line number="53" hits="18" branch="False" />
                <line number="54" hits="18" branch="False" />
                <line number="55" hits="18" branch="False" />
                <line number="56" hits="18" branch="False" />
                <line number="57" hits="18" branch="False" />
                <line number="58" hits="18" branch="False" />
                <line number="59" hits="18" branch="False" />
                <line number="60" hits="18" branch="False" />
                <line number="61" hits="18" branch="False" />
                <line number="62" hits="18" branch="False" />
                <line number="63" hits="18" branch="False" />
                <line number="64" hits="18" branch="False" />
                <line number="65" hits="18" branch="False" />
                <line number="66" hits="18" branch="False" />
                <line number="67" hits="18" branch="False" />
                <line number="68" hits="18" branch="False" />
                <line number="69" hits="18" branch="False" />
                <line number="70" hits="18" branch="False" />
                <line number="71" hits="18" branch="False" />
                <line number="72" hits="18" branch="False" />
                <line number="73" hits="18" branch="False" />
                <line number="74" hits="18" branch="False" />
                <line number="75" hits="18" branch="False" />
                <line number="76" hits="18" branch="False" />
                <line number="77" hits="18" branch="False" />
                <line number="78" hits="18" branch="False" />
                <line number="79" hits="18" branch="False" />
                <line number="80" hits="18" branch="False" />
              </lines>
            </method>
          </methods>
          <lines>
            <line number="288" hits="8" branch="False" />
            <line number="289" hits="8" branch="False" />
            <line number="291" hits="8" branch="True" condition-coverage="100% (2/2)">
              <conditions>
                <condition number="15" type="jump" coverage="100%" />
              </conditions>
            </line>
            <line number="292" hits="1" branch="False" />
            <line number="294" hits="7" branch="False" />
            <line number="295" hits="7" branch="True" condition-coverage="100% (2/2)">
              <conditions>
                <condition number="46" type="jump" coverage="100%" />
              </conditions>
            </line>
            <line number="296" hits="2" branch="False" />
            <line number="297" hits="7" branch="True" condition-coverage="100% (2/2)">
              <conditions>
                <condition number="125" type="jump" coverage="100%" />
              </conditions>
            </line>
            <line number="298" hits="2" branch="False" />
            <line number="299" hits="7" branch="True" condition-coverage="100% (2/2)">
              <conditions>
                <condition number="157" type="jump" coverage="100%" />
              </conditions>
            </line>
            <line number="300" hits="1" branch="False" />
            <line number="301" hits="7" branch="True" condition-coverage="100% (2/2)">
              <conditions>
                <condition number="189" type="jump" coverage="100%" />
              </conditions>
            </line>
            <line number="302" hits="2" branch="False" />
            <line number="303" hits="7" branch="True" condition-coverage="100% (2/2)">
              <conditions>
                <condition number="221" type="jump" coverage="100%" />
              </conditions>
            </line>
            <line number="304" hits="2" branch="False" />
            <line number="305" hits="7" branch="False" />
            <line number="307" hits="8" branch="False" />
            <line number="308" hits="8" branch="False" />
            <line number="966" hits="1" branch="False" />
            <line number="967" hits="1" branch="False" />
            <line number="968" hits="1" branch="False" />
            <line number="969" hits="1" branch="False" />
            <line number="970" hits="1" branch="False" />
            <line number="971" hits="1" branch="False" />
            <line number="972" hits="1" branch="False" />
            <line number="1026" hits="3" branch="False" />
            <line number="1027" hits="3" branch="False" />
            <line number="1028" hits="3" branch="True" condition-coverage="50% (5/10)">
              <conditions>
                <condition number="24" type="jump" coverage="50%" />
                <condition number="38" type="jump" coverage="50%" />
                <condition number="52" type="jump" coverage="50%" />
                <condition number="66" type="jump" coverage="50%" />
                <condition number="85" type="jump" coverage="50%" />
              </conditions>
            </line>
            <line number="1029" hits="3" branch="False" />
            <line number="1030" hits="3" branch="False" />
            <line number="1031" hits="3" branch="False" />
            <line number="1032" hits="3" branch="False" />
            <line number="1033" hits="0" branch="False" />
            <line number="1034" hits="0" branch="False" />
            <line number="1037" hits="3" branch="False" />
            <line number="1038" hits="3" branch="False" />
            <line number="1040" hits="3" branch="True" condition-coverage="50% (1/2)">
              <conditions>
                <condition number="216" type="jump" coverage="50%" />
              </conditions>
            </line>
            <line number="1041" hits="3" branch="False" />
            <line number="1042" hits="3" branch="False" />
            <line number="1043" hits="3" branch="False" />
            <line number="1044" hits="3" branch="False" />
            <line number="1045" hits="3" branch="False" />
            <line number="1046" hits="3" branch="False" />
            <line number="1047" hits="3" branch="False" />
            <line number="1048" hits="3" branch="False" />
            <line number="1052" hits="3" branch="False" />
            <line number="1054" hits="3" branch="False" />
            <line number="1055" hits="3" branch="False" />
            <line number="1056" hits="3" branch="False" />
            <line number="1057" hits="3" branch="False" />
            <line number="1058" hits="3" branch="False" />
            <line number="1059" hits="3" branch="False" />
            <line number="1060" hits="3" branch="False" />
            <line number="1062" hits="3" branch="False" />
            <line number="1063" hits="3" branch="False" />
            <line number="1157" hits="4" branch="False" />
            <line number="1158" hits="4" branch="False" />
            <line number="1159" hits="4" branch="False" />
            <line number="1160" hits="4" branch="False" />
            <line number="1162" hits="4" branch="False" />
            <line number="1163" hits="4" branch="False" />
            <line number="1166" hits="5" branch="False" />
            <line number="1167" hits="5" branch="False" />
            <line number="1168" hits="5" branch="False" />
            <line number="1169" hits="5" branch="False" />
            <line number="1170" hits="5" branch="False" />
            <line number="1171" hits="5" branch="False" />
            <line number="1174" hits="1" branch="False" />
            <line number="1175" hits="1" branch="False" />
            <line number="1176" hits="1" branch="False" />
            <line number="1179" hits="2" branch="False" />
            <line number="1181" hits="2" branch="False" />
            <line number="1182" hits="2" branch="False" />
            <line number="1184" hits="0" branch="False" />
            <line number="1185" hits="0" branch="False" />
            <line number="1186" hits="0" branch="False" />
            <line number="1188" hits="2" branch="False" />
            <line number="1194" hits="2" branch="True" condition-coverage="50% (1/2)">
              <conditions>
                <condition number="6" type="jump" coverage="50%" />
              </conditions>
            </line>
            <line number="1200" hits="0" branch="False" />
            <line number="1201" hits="0" branch="False" />
            <line number="1202" hits="0" branch="False" />
            <line number="1204" hits="0" branch="False" />
            <line number="1205" hits="0" branch="True" condition-coverage="0% (0/2)">
              <conditions>
                <condition number="48" type="jump" coverage="0%" />
              </conditions>
            </line>
            <line number="1207" hits="0" branch="False" />
            <line number="1208" hits="0" branch="True" condition-coverage="0% (0/2)">
              <conditions>
                <condition number="83" type="jump" coverage="0%" />
              </conditions>
            </line>
            <line number="1210" hits="0" branch="False" />
            <line number="1211" hits="0" branch="False" />
            <line number="1212" hits="0" branch="False" />
            <line number="1216" hits="1" branch="False" />
            <line number="1217" hits="1" branch="True" condition-coverage="50% (1/2)">
              <conditions>
                <condition number="17" type="jump" coverage="50%" />
              </conditions>
            </line>
            <line number="1218" hits="1" branch="False" />
            <line number="1219" hits="1" branch="True" condition-coverage="50% (2/4)">
              <conditions>
                <condition number="37" type="jump" coverage="50%" />
                <condition number="49" type="jump" coverage="50%" />
              </conditions>
            </line>
            <line number="1220" hits="1" branch="False" />
            <line number="52" hits="18" branch="False" />
            <line number="53" hits="18" branch="False" />
            <line number="54" hits="18" branch="False" />
            <line number="55" hits="18" branch="False" />
            <line number="56" hits="18" branch="False" />
            <line number="57" hits="18" branch="False" />
            <line number="58" hits="18" branch="False" />
            <line number="59" hits="18" branch="False" />
            <line number="60" hits="18" branch="False" />
            <line number="61" hits="18" branch="False" />
            <line number="62" hits="18" branch="False" />
            <line number="63" hits="18" branch="False" />
            <line number="64" hits="18" branch="False" />
            <line number="65" hits="18" branch="False" />
            <line number="66" hits="18" branch="False" />
            <line number="67" hits="18" branch="False" />
            <line number="68" hits="18" branch="False" />
            <line number="69" hits="18" branch="False" />
            <line number="70" hits="18" branch="False" />
            <line number="71" hits="18" branch="False" />
            <line number="72" hits="18" branch="False" />
            <line number="73" hits="18" branch="False" />
            <line number="74" hits="18" branch="False" />
            <line number="75" hits="18" branch="False" />
            <line number="76" hits="18" branch="False" />
            <line number="77" hits="18" branch="False" />
            <line number="78" hits="18" branch="False" />
            <line number="79" hits="18" branch="False" />
            <line number="80" hits="18" branch="False" />
          </lines>
        </class>
        <class name="Upkilo.Infrastructure.Services.AuthService/&lt;&gt;c" filename="AuthService.cs" line-rate="1" branch-rate="1" complexity="1">
          <methods>
            <method name="&lt;RegisterAsync&gt;b__30_0" signature="(FluentValidation.Results.ValidationFailure)" line-rate="1" branch-rate="1" complexity="1">
              <lines>
                <line number="546" hits="1" branch="False" />
              </lines>
            </method>
          </methods>
          <lines>
            <line number="546" hits="1" branch="False" />
          </lines>
        </class>
        <class name="Upkilo.Infrastructure.Services.AuthService/&lt;&gt;c__DisplayClass26_0" filename="AuthService.cs" line-rate="0" branch-rate="1" complexity="1">
          <methods>
            <method name="&lt;IsPasswordPreviouslyUsedAsync&gt;b__0" signature="(Upkilo.Core.Entities.PasswordHistory)" line-rate="0" branch-rate="1" complexity="1">
              <lines>
                <line number="322" hits="0" branch="False" />
              </lines>
            </method>
          </methods>
          <lines>
            <line number="322" hits="0" branch="False" />
          </lines>
        </class>
        <class name="Upkilo.Infrastructure.Services.AuthService/&lt;&gt;c__DisplayClass29_0" filename="AuthService.cs" line-rate="1" branch-rate="1" complexity="1">
          <methods>
            <method name="&lt;LoginAsync&gt;b__1" signature="()" line-rate="1" branch-rate="1" complexity="1">
              <lines>
                <line number="398" hits="4" branch="False" />
              </lines>
            </method>
          </methods>
          <lines>
            <line number="398" hits="4" branch="False" />
          </lines>
        </class>
        <class name="Upkilo.Infrastructure.Services.AuthService/&lt;&gt;c__DisplayClass30_0/&lt;&lt;RegisterAsync&gt;b__2&gt;d" filename="AuthService.cs" line-rate="0.8301000000000001" branch-rate="0.5625" complexity="16">
          <methods>
            <method name="MoveNext" signature="()" line-rate="0.8301000000000001" branch-rate="0.5625" complexity="16">
              <lines>
                <line number="582" hits="1" branch="True" condition-coverage="100% (2/2)">
                  <conditions>
                    <condition number="16" type="jump" coverage="100%" />
                  </conditions>
                </line>
                <line number="583" hits="1" branch="True" condition-coverage="100% (2/2)">
                  <conditions>
                    <condition number="183" type="jump" coverage="100%" />
                  </conditions>
                </line>
                <line number="585" hits="1" branch="False" />
                <line number="587" hits="1" branch="True" condition-coverage="50% (2/4)">
                  <conditions>
                    <condition number="323" type="jump" coverage="50%" />
                    <condition number="366" type="jump" coverage="50%" />
                  </conditions>
                </line>
                <line number="588" hits="1" branch="False" />
                <line number="589" hits="1" branch="False" />
                <line number="590" hits="1" branch="False" />
                <line number="591" hits="1" branch="False" />
                <line number="592" hits="1" branch="False" />
                <line number="593" hits="1" branch="False" />
                <line number="594" hits="1" branch="False" />
                <line number="595" hits="1" branch="False" />
                <line number="597" hits="1" branch="False" />
                <line number="598" hits="1" branch="False" />
                <line number="599" hits="1" branch="False" />
                <line number="600" hits="1" branch="False" />
                <line number="601" hits="1" branch="False" />
                <line number="602" hits="1" branch="False" />
                <line number="603" hits="1" branch="False" />
                <line number="604" hits="1" branch="False" />
                <line number="605" hits="1" branch="False" />
                <line number="606" hits="1" branch="False" />
                <line number="607" hits="1" branch="False" />
                <line number="608" hits="1" branch="False" />
                <line number="609" hits="1" branch="False" />
                <line number="610" hits="1" branch="False" />
                <line number="613" hits="1" branch="True" condition-coverage="50% (1/2)">
                  <conditions>
                    <condition number="708" type="jump" coverage="50%" />
                  </conditions>
                </line>
                <line number="614" hits="1" branch="False" />
                <line number="615" hits="1" branch="False" />
                <line number="617" hits="1" branch="True" condition-coverage="50% (1/2)">
                  <conditions>
                    <condition number="1166" type="jump" coverage="50%" />
                  </conditions>
                </line>
                <line number="618" hits="0" branch="False" />
                <line number="619" hits="0" branch="False" />
                <line number="620" hits="0" branch="False" />
                <line number="623" hits="1" branch="False" />
                <line number="624" hits="1" branch="False" />
                <line number="625" hits="1" branch="False" />
                <line number="626" hits="1" branch="False" />
                <line number="627" hits="1" branch="False" />
                <line number="628" hits="1" branch="False" />
                <line number="629" hits="1" branch="False" />
                <line number="630" hits="1" branch="False" />
                <line number="631" hits="1" branch="False" />
                <line number="632" hits="1" branch="False" />
                <line number="633" hits="1" branch="False" />
                <line number="634" hits="1" branch="False" />
                <line number="635" hits="1" branch="False" />
                <line number="636" hits="1" branch="False" />
                <line number="637" hits="1" branch="False" />
                <line number="638" hits="1" branch="False" />
                <line number="639" hits="1" branch="False" />
                <line number="641" hits="1" branch="False" />
                <line number="642" hits="1" branch="False" />
                <line number="644" hits="1" branch="False" />
                <line number="645" hits="1" branch="False" />
                <line number="649" hits="1" branch="False" />
                <line number="650" hits="1" branch="False" />
                <line number="651" hits="1" branch="False" />
                <line number="652" hits="0" branch="False" />
                <line number="653" hits="0" branch="False" />
                <line number="654" hits="0" branch="False" />
                <line number="655" hits="0" branch="False" />
                <line number="660" hits="1" branch="False" />
                <line number="661" hits="1" branch="False" />
                <line number="662" hits="1" branch="False" />
                <line number="664" hits="1" branch="False" />
                <line number="669" hits="1" branch="False" />
                <line number="670" hits="1" branch="False" />
                <line number="671" hits="1" branch="False" />
                <line number="672" hits="0" branch="False" />
                <line number="673" hits="0" branch="False" />
                <line number="674" hits="0" branch="False" />
                <line number="675" hits="0" branch="False" />
                <line number="676" hits="0" branch="False" />
                <line number="679" hits="1" branch="False" />
                <line number="680" hits="1" branch="False" />
                <line number="681" hits="1" branch="False" />
                <line number="682" hits="1" branch="False" />
                <line number="683" hits="1" branch="False" />
                <line number="684" hits="1" branch="False" />
                <line number="685" hits="1" branch="False" />
                <line number="686" hits="1" branch="False" />
                <line number="687" hits="1" branch="False" />
                <line number="688" hits="1" branch="False" />
                <line number="689" hits="1" branch="False" />
                <line number="690" hits="1" branch="False" />
                <line number="691" hits="1" branch="False" />
                <line number="692" hits="1" branch="False" />
                <line number="695" hits="1" branch="False" />
                <line number="698" hits="1" branch="True" condition-coverage="50% (1/2)">
                  <conditions>
                    <condition number="2664" type="jump" coverage="50%" />
                  </conditions>
                </line>
                <line number="699" hits="1" branch="False" />
                <line number="700" hits="1" branch="False" />
                <line number="702" hits="1" branch="False" />
                <line number="703" hits="1" branch="False" />
                <line number="704" hits="1" branch="False" />
                <line number="705" hits="1" branch="False" />
                <line number="706" hits="1" branch="False" />
                <line number="707" hits="1" branch="False" />
                <line number="708" hits="1" branch="False" />
                <line number="709" hits="1" branch="False" />
                <line number="711" hits="0" branch="False" />
                <line number="712" hits="0" branch="False" />
                <line number="715" hits="0" branch="False" />
                <line number="716" hits="0" branch="True" condition-coverage="0% (0/2)">
                  <conditions>
                    <condition number="3141" type="jump" coverage="0%" />
                  </conditions>
                </line>
                <line number="717" hits="0" branch="False" />
                <line number="718" hits="0" branch="False" />
                <line number="721" hits="3" branch="False" />
              </lines>
            </method>
          </methods>
          <lines>
            <line number="582" hits="1" branch="True" condition-coverage="100% (2/2)">
              <conditions>
                <condition number="16" type="jump" coverage="100%" />
              </conditions>
            </line>
            <line number="583" hits="1" branch="True" condition-coverage="100% (2/2)">
              <conditions>
                <condition number="183" type="jump" coverage="100%" />
              </conditions>
            </line>
            <line number="585" hits="1" branch="False" />
            <line number="587" hits="1" branch="True" condition-coverage="50% (2/4)">
              <conditions>
                <condition number="323" type="jump" coverage="50%" />
                <condition number="366" type="jump" coverage="50%" />
              </conditions>
            </line>
            <line number="588" hits="1" branch="False" />
            <line number="589" hits="1" branch="False" />
            <line number="590" hits="1" branch="False" />
            <line number="591" hits="1" branch="False" />
            <line number="592" hits="1" branch="False" />
            <line number="593" hits="1" branch="False" />
            <line number="594" hits="1" branch="False" />
            <line number="595" hits="1" branch="False" />
            <line number="597" hits="1" branch="False" />
            <line number="598" hits="1" branch="False" />
            <line number="599" hits="1" branch="False" />
            <line number="600" hits="1" branch="False" />
            <line number="601" hits="1" branch="False" />
            <line number="602" hits="1" branch="False" />
            <line number="603" hits="1" branch="False" />
            <line number="604" hits="1" branch="False" />
            <line number="605" hits="1" branch="False" />
            <line number="606" hits="1" branch="False" />
            <line number="607" hits="1" branch="False" />
            <line number="608" hits="1" branch="False" />
            <line number="609" hits="1" branch="False" />
            <line number="610" hits="1" branch="False" />
            <line number="613" hits="1" branch="True" condition-coverage="50% (1/2)">
              <conditions>
                <condition number="708" type="jump" coverage="50%" />
              </conditions>
            </line>
            <line number="614" hits="1" branch="False" />
            <line number="615" hits="1" branch="False" />
            <line number="617" hits="1" branch="True" condition-coverage="50% (1/2)">
              <conditions>
                <condition number="1166" type="jump" coverage="50%" />
              </conditions>
            </line>
            <line number="618" hits="0" branch="False" />
            <line number="619" hits="0" branch="False" />
            <line number="620" hits="0" branch="False" />
            <line number="623" hits="1" branch="False" />
            <line number="624" hits="1" branch="False" />
            <line number="625" hits="1" branch="False" />
            <line number="626" hits="1" branch="False" />
            <line number="627" hits="1" branch="False" />
            <line number="628" hits="1" branch="False" />
            <line number="629" hits="1" branch="False" />
            <line number="630" hits="1" branch="False" />
            <line number="631" hits="1" branch="False" />
            <line number="632" hits="1" branch="False" />
            <line number="633" hits="1" branch="False" />
            <line number="634" hits="1" branch="False" />
            <line number="635" hits="1" branch="False" />
            <line number="636" hits="1" branch="False" />
            <line number="637" hits="1" branch="False" />
            <line number="638" hits="1" branch="False" />
            <line number="639" hits="1" branch="False" />
            <line number="641" hits="1" branch="False" />
            <line number="642" hits="1" branch="False" />
            <line number="644" hits="1" branch="False" />
            <line number="645" hits="1" branch="False" />
            <line number="649" hits="1" branch="False" />
            <line number="650" hits="1" branch="False" />
            <line number="651" hits="1" branch="False" />
            <line number="652" hits="0" branch="False" />
            <line number="653" hits="0" branch="False" />
            <line number="654" hits="0" branch="False" />
            <line number="655" hits="0" branch="False" />
            <line number="660" hits="1" branch="False" />
            <line number="661" hits="1" branch="False" />
            <line number="662" hits="1" branch="False" />
            <line number="664" hits="1" branch="False" />
            <line number="669" hits="1" branch="False" />
            <line number="670" hits="1" branch="False" />
            <line number="671" hits="1" branch="False" />
            <line number="672" hits="0" branch="False" />
            <line number="673" hits="0" branch="False" />
            <line number="674" hits="0" branch="False" />
            <line number="675" hits="0" branch="False" />
            <line number="676" hits="0" branch="False" />
            <line number="679" hits="1" branch="False" />
            <line number="680" hits="1" branch="False" />
            <line number="681" hits="1" branch="False" />
            <line number="682" hits="1" branch="False" />
            <line number="683" hits="1" branch="False" />
            <line number="684" hits="1" branch="False" />
            <line number="685" hits="1" branch="False" />
            <line number="686" hits="1" branch="False" />
            <line number="687" hits="1" branch="False" />
            <line number="688" hits="1" branch="False" />
            <line number="689" hits="1" branch="False" />
            <line number="690" hits="1" branch="False" />
            <line number="691" hits="1" branch="False" />
            <line number="692" hits="1" branch="False" />
            <line number="695" hits="1" branch="False" />
            <line number="698" hits="1" branch="True" condition-coverage="50% (1/2)">
              <conditions>
                <condition number="2664" type="jump" coverage="50%" />
              </conditions>
            </line>
            <line number="699" hits="1" branch="False" />
            <line number="700" hits="1" branch="False" />
            <line number="702" hits="1" branch="False" />
            <line number="703" hits="1" branch="False" />
            <line number="704" hits="1" branch="False" />
            <line number="705" hits="1" branch="False" />
            <line number="706" hits="1" branch="False" />
            <line number="707" hits="1" branch="False" />
            <line number="708" hits="1" branch="False" />
            <line number="709" hits="1" branch="False" />
            <line number="711" hits="0" branch="False" />
            <line number="712" hits="0" branch="False" />
            <line number="715" hits="0" branch="False" />
            <line number="716" hits="0" branch="True" condition-coverage="0% (0/2)">
              <conditions>
                <condition number="3141" type="jump" coverage="0%" />
              </conditions>
            </line>
            <line number="717" hits="0" branch="False" />
            <line number="718" hits="0" branch="False" />
            <line number="721" hits="3" branch="False" />
          </lines>
        </class>
        <class name="Upkilo.Infrastructure.Services.AuthService/&lt;GetCurrentUserAsync&gt;d__38" filename="AuthService.cs" line-rate="0" branch-rate="0" complexity="4">
          <methods>
            <method name="MoveNext" signature="()" line-rate="0" branch-rate="0" complexity="4">
              <lines>
                <line number="975" hits="0" branch="False" />
                <line number="978" hits="0" branch="False" />
                <line number="979" hits="0" branch="False" />
                <line number="980" hits="0" branch="False" />
                <line number="981" hits="0" branch="False" />
                <line number="983" hits="0" branch="True" condition-coverage="0% (0/2)">
                  <conditions>
                    <condition number="386" type="jump" coverage="0%" />
                  </conditions>
                </line>
                <line number="985" hits="0" branch="True" condition-coverage="0% (0/2)">
                  <conditions>
                    <condition number="473" type="jump" coverage="0%" />
                  </conditions>
                </line>
                <line number="986" hits="0" branch="False" />
                <line number="987" hits="0" branch="False" />
                <line number="988" hits="0" branch="False" />
                <line number="989" hits="0" branch="False" />
                <line number="990" hits="0" branch="False" />
                <line number="991" hits="0" branch="False" />
                <line number="992" hits="0" branch="False" />
                <line number="993" hits="0" branch="False" />
                <line number="994" hits="0" branch="False" />
                <line number="995" hits="0" branch="False" />
                <line number="996" hits="0" branch="False" />
                <line number="997" hits="0" branch="False" />
                <line number="998" hits="0" branch="False" />
              </lines>
            </method>
          </methods>
          <lines>
            <line number="975" hits="0" branch="False" />
            <line number="978" hits="0" branch="False" />
            <line number="979" hits="0" branch="False" />
            <line number="980" hits="0" branch="False" />
            <line number="981" hits="0" branch="False" />
            <line number="983" hits="0" branch="True" condition-coverage="0% (0/2)">
              <conditions>
                <condition number="386" type="jump" coverage="0%" />
              </conditions>
            </line>
            <line number="985" hits="0" branch="True" condition-coverage="0% (0/2)">
              <conditions>
                <condition number="473" type="jump" coverage="0%" />
              </conditions>
            </line>
            <line number="986" hits="0" branch="False" />
            <line number="987" hits="0" branch="False" />
            <line number="988" hits="0" branch="False" />
            <line number="989" hits="0" branch="False" />
            <line number="990" hits="0" branch="False" />
            <line number="991" hits="0" branch="False" />
            <line number="992" hits="0" branch="False" />
            <line number="993" hits="0" branch="False" />
            <line number="994" hits="0" branch="False" />
            <line number="995" hits="0" branch="False" />
            <line number="996" hits="0" branch="False" />
            <line number="997" hits="0" branch="False" />
            <line number="998" hits="0" branch="False" />
          </lines>
        </class>
        <class name="Upkilo.Infrastructure.Services.AuthService/&lt;InitiatePasswordResetAsync&gt;d__21" filename="AuthService.cs" line-rate="0.2432" branch-rate="0.1666" complexity="6">
          <methods>
            <method name="MoveNext" signature="()" line-rate="0.2432" branch-rate="0.1666" complexity="6">
              <lines>
                <line number="83" hits="1" branch="False" />
                <line number="84" hits="1" branch="False" />
                <line number="85" hits="1" branch="False" />
                <line number="86" hits="1" branch="False" />
                <line number="87" hits="1" branch="True" condition-coverage="50% (1/2)">
                  <conditions>
                    <condition number="377" type="jump" coverage="50%" />
                  </conditions>
                </line>
                <line number="88" hits="1" branch="False" />
                <line number="90" hits="1" branch="False" />
                <line number="91" hits="1" branch="False" />
                <line number="95" hits="0" branch="False" />
                <line number="96" hits="0" branch="False" />
                <line number="97" hits="0" branch="False" />
                <line number="98" hits="0" branch="False" />
                <line number="99" hits="0" branch="True" condition-coverage="0% (0/2)">
                  <conditions>
                    <condition number="876" type="jump" coverage="0%" />
                  </conditions>
                </line>
                <line number="100" hits="0" branch="False" />
                <line number="103" hits="0" branch="False" />
                <line number="104" hits="0" branch="False" />
                <line number="105" hits="0" branch="False" />
                <line number="106" hits="0" branch="False" />
                <line number="107" hits="0" branch="False" />
                <line number="108" hits="0" branch="False" />
                <line number="109" hits="0" branch="False" />
                <line number="110" hits="0" branch="False" />
                <line number="111" hits="0" branch="False" />
                <line number="114" hits="0" branch="True" condition-coverage="0% (0/2)">
                  <conditions>
                    <condition number="1179" type="jump" coverage="0%" />
                  </conditions>
                </line>
                <line number="115" hits="0" branch="False" />
                <line number="116" hits="0" branch="False" />
                <line number="117" hits="0" branch="False" />
                <line number="118" hits="0" branch="False" />
                <line number="119" hits="0" branch="False" />
                <line number="120" hits="0" branch="False" />
                <line number="121" hits="0" branch="False" />
                <line number="122" hits="0" branch="False" />
                <line number="123" hits="0" branch="False" />
                <line number="124" hits="0" branch="False" />
                <line number="126" hits="0" branch="False" />
                <line number="127" hits="0" branch="False" />
                <line number="128" hits="1" branch="False" />
              </lines>
            </method>
          </methods>
          <lines>
            <line number="83" hits="1" branch="False" />
            <line number="84" hits="1" branch="False" />
            <line number="85" hits="1" branch="False" />
            <line number="86" hits="1" branch="False" />
            <line number="87" hits="1" branch="True" condition-coverage="50% (1/2)">
              <conditions>
                <condition number="377" type="jump" coverage="50%" />
              </conditions>
            </line>
            <line number="88" hits="1" branch="False" />
            <line number="90" hits="1" branch="False" />
            <line number="91" hits="1" branch="False" />
            <line number="95" hits="0" branch="False" />
            <line number="96" hits="0" branch="False" />
            <line number="97" hits="0" branch="False" />
            <line number="98" hits="0" branch="False" />
            <line number="99" hits="0" branch="True" condition-coverage="0% (0/2)">
              <conditions>
                <condition number="876" type="jump" coverage="0%" />
              </conditions>
            </line>
            <line number="100" hits="0" branch="False" />
            <line number="103" hits="0" branch="False" />
            <line number="104" hits="0" branch="False" />
            <line number="105" hits="0" branch="False" />
            <line number="106" hits="0" branch="False" />
            <line number="107" hits="0" branch="False" />
            <line number="108" hits="0" branch="False" />
            <line number="109" hits="0" branch="False" />
            <line number="110" hits="0" branch="False" />
            <line number="111" hits="0" branch="False" />
            <line number="114" hits="0" branch="True" condition-coverage="0% (0/2)">
              <conditions>
                <condition number="1179" type="jump" coverage="0%" />
              </conditions>
            </line>
            <line number="115" hits="0" branch="False" />
            <line number="116" hits="0" branch="False" />
            <line number="117" hits="0" branch="False" />
            <line number="118" hits="0" branch="False" />
            <line number="119" hits="0" branch="False" />
            <line number="120" hits="0" branch="False" />
            <line number="121" hits="0" branch="False" />
            <line number="122" hits="0" branch="False" />
            <line number="123" hits="0" branch="False" />
            <line number="124" hits="0" branch="False" />
            <line number="126" hits="0" branch="False" />
            <line number="127" hits="0" branch="False" />
            <line number="128" hits="1" branch="False" />
          </lines>
        </class>
        <class name="Upkilo.Infrastructure.Services.AuthService/&lt;IsAccountLockedAsync&gt;d__28" filename="AuthService.cs" line-rate="0.7857" branch-rate="0.5" complexity="2">
          <methods>
            <method name="MoveNext" signature="()" line-rate="0.7857" branch-rate="0.5" complexity="2">
              <lines>
                <line number="340" hits="3" branch="False" />
                <line number="341" hits="3" branch="False" />
                <line number="344" hits="3" branch="False" />
                <line number="345" hits="3" branch="False" />
                <line number="346" hits="3" branch="False" />
                <line number="347" hits="3" branch="False" />
                <line number="348" hits="3" branch="False" />
                <line number="349" hits="3" branch="False" />
                <line number="351" hits="3" branch="True" condition-coverage="50% (1/2)">
                  <conditions>
                    <condition number="628" type="jump" coverage="50%" />
                  </conditions>
                </line>
                <line number="352" hits="0" branch="False" />
                <line number="353" hits="0" branch="False" />
                <line number="354" hits="0" branch="False" />
                <line number="357" hits="3" branch="False" />
                <line number="358" hits="3" branch="False" />
              </lines>
            </method>
          </methods>
          <lines>
            <line number="340" hits="3" branch="False" />
            <line number="341" hits="3" branch="False" />
            <line number="344" hits="3" branch="False" />
            <line number="345" hits="3" branch="False" />
            <line number="346" hits="3" branch="False" />
            <line number="347" hits="3" branch="False" />
            <line number="348" hits="3" branch="False" />
            <line number="349" hits="3" branch="False" />
            <line number="351" hits="3" branch="True" condition-coverage="50% (1/2)">
              <conditions>
                <condition number="628" type="jump" coverage="50%" />
              </conditions>
            </line>
            <line number="352" hits="0" branch="False" />
            <line number="353" hits="0" branch="False" />
            <line number="354" hits="0" branch="False" />
            <line number="357" hits="3" branch="False" />
            <line number="358" hits="3" branch="False" />
          </lines>
        </class>
        <class name="Upkilo.Infrastructure.Services.AuthService/&lt;IsPasswordPreviouslyUsedAsync&gt;d__26" filename="AuthService.cs" line-rate="0" branch-rate="0" complexity="2">
          <methods>
            <method name="MoveNext" signature="()" line-rate="0" branch-rate="0" complexity="2">
              <lines>
                <line number="311" hits="0" branch="False" />
                <line number="312" hits="0" branch="False" />
                <line number="313" hits="0" branch="False" />
                <line number="314" hits="0" branch="False" />
                <line number="315" hits="0" branch="False" />
                <line number="316" hits="0" branch="False" />
                <line number="318" hits="0" branch="False" />
                <line number="319" hits="0" branch="True" condition-coverage="0% (0/2)">
                  <conditions>
                    <condition number="588" type="jump" coverage="0%" />
                  </conditions>
                </line>
                <line number="320" hits="0" branch="False" />
                <line number="323" hits="0" branch="False" />
              </lines>
            </method>
          </methods>
          <lines>
            <line number="311" hits="0" branch="False" />
            <line number="312" hits="0" branch="False" />
            <line number="313" hits="0" branch="False" />
            <line number="314" hits="0" branch="False" />
            <line number="315" hits="0" branch="False" />
            <line number="316" hits="0" branch="False" />
            <line number="318" hits="0" branch="False" />
            <line number="319" hits="0" branch="True" condition-coverage="0% (0/2)">
              <conditions>
                <condition number="588" type="jump" coverage="0%" />
              </conditions>
            </line>
            <line number="320" hits="0" branch="False" />
            <line number="323" hits="0" branch="False" />
          </lines>
        </class>
        <class name="Upkilo.Infrastructure.Services.AuthService/&lt;LoginAsync&gt;d__29" filename="AuthService.cs" line-rate="0.5573" branch-rate="0.4117" complexity="34">
          <methods>
            <method name="MoveNext" signature="()" line-rate="0.5573" branch-rate="0.4117" complexity="34">
              <lines>
                <line number="361" hits="3" branch="False" />
                <line number="362" hits="3" branch="True" condition-coverage="50% (1/2)">
                  <conditions>
                    <condition number="248" type="jump" coverage="50%" />
                  </conditions>
                </line>
                <line number="363" hits="0" branch="False" />
                <line number="365" hits="3" branch="False" />
                <line number="366" hits="3" branch="False" />
                <line number="367" hits="3" branch="True" condition-coverage="50% (1/2)">
                  <conditions>
                    <condition number="470" type="jump" coverage="50%" />
                  </conditions>
                </line>
                <line number="368" hits="0" branch="False" />
                <line number="369" hits="0" branch="False" />
                <line number="371" hits="0" branch="False" />
                <line number="374" hits="3" branch="False" />
                <line number="375" hits="3" branch="False" />
                <line number="376" hits="3" branch="False" />
                <line number="378" hits="3" branch="True" condition-coverage="100% (2/2)">
                  <conditions>
                    <condition number="849" type="jump" coverage="100%" />
                  </conditions>
                </line>
                <line number="379" hits="1" branch="False" />
                <line number="380" hits="1" branch="False" />
                <line number="381" hits="1" branch="False" />
                <line number="386" hits="2" branch="True" condition-coverage="50% (1/2)">
                  <conditions>
                    <condition number="1066" type="jump" coverage="50%" />
                  </conditions>
                </line>
                <line number="387" hits="0" branch="False" />
                <line number="388" hits="0" branch="True" condition-coverage="0% (0/2)">
                  <conditions>
                    <condition number="1111" type="jump" coverage="0%" />
                  </conditions>
                </line>
                <line number="389" hits="0" branch="False" />
                <line number="390" hits="0" branch="False" />
                <line number="391" hits="0" branch="False" />
                <line number="393" hits="0" branch="False" />
                <line number="394" hits="0" branch="False" />
                <line number="395" hits="0" branch="False" />
                <line number="396" hits="0" branch="False" />
                <line number="397" hits="0" branch="False" />
                <line number="399" hits="1" branch="False" />
                <line number="402" hits="1" branch="False" />
                <line number="403" hits="1" branch="False" />
                <line number="405" hits="1" branch="True" condition-coverage="100% (2/2)">
                  <conditions>
                    <condition number="1887" type="jump" coverage="100%" />
                  </conditions>
                </line>
                <line number="406" hits="1" branch="False" />
                <line number="408" hits="1" branch="False" />
                <line number="409" hits="1" branch="False" />
                <line number="410" hits="1" branch="False" />
                <line number="411" hits="1" branch="False" />
                <line number="412" hits="1" branch="False" />
                <line number="414" hits="1" branch="True" condition-coverage="50% (1/2)">
                  <conditions>
                    <condition number="2144" type="jump" coverage="50%" />
                  </conditions>
                </line>
                <line number="415" hits="0" branch="False" />
                <line number="417" hits="0" branch="False" />
                <line number="418" hits="0" branch="False" />
                <line number="421" hits="1" branch="False" />
                <line number="424" hits="1" branch="False" />
                <line number="425" hits="1" branch="False" />
                <line number="427" hits="1" branch="True" condition-coverage="50% (1/2)">
                  <conditions>
                    <condition number="2590" type="jump" coverage="50%" />
                  </conditions>
                </line>
                <line number="428" hits="0" branch="False" />
                <line number="430" hits="0" branch="True" condition-coverage="0% (0/4)">
                  <conditions>
                    <condition number="2634" type="jump" coverage="0%" />
                    <condition number="2799" type="jump" coverage="0%" />
                  </conditions>
                </line>
                <line number="431" hits="0" branch="False" />
                <line number="432" hits="0" branch="False" />
                <line number="433" hits="0" branch="False" />
                <line number="435" hits="0" branch="False" />
                <line number="437" hits="0" branch="False" />
                <line number="438" hits="0" branch="True" condition-coverage="0% (0/6)">
                  <conditions>
                    <condition number="2876" type="jump" coverage="0%" />
                    <condition number="2903" type="jump" coverage="0%" />
                    <condition number="2911" type="jump" coverage="0%" />
                  </conditions>
                </line>
                <line number="439" hits="0" branch="False" />
                <line number="440" hits="0" branch="False" />
                <line number="441" hits="0" branch="False" />
                <line number="442" hits="0" branch="False" />
                <line number="443" hits="0" branch="False" />
                <line number="444" hits="0" branch="False" />
                <line number="445" hits="0" branch="False" />
                <line number="446" hits="0" branch="False" />
                <line number="448" hits="0" branch="False" />
                <line number="451" hits="1" branch="False" />
                <line number="452" hits="1" branch="False" />
                <line number="453" hits="1" branch="False" />
                <line number="454" hits="1" branch="False" />
                <line number="455" hits="1" branch="False" />
                <line number="457" hits="1" branch="True" condition-coverage="50% (2/4)">
                  <conditions>
                    <condition number="3322" type="jump" coverage="50%" />
                    <condition number="3342" type="jump" coverage="50%" />
                  </conditions>
                </line>
                <line number="458" hits="0" branch="False" />
                <line number="459" hits="0" branch="False" />
                <line number="460" hits="0" branch="False" />
                <line number="461" hits="0" branch="False" />
                <line number="462" hits="0" branch="False" />
                <line number="463" hits="0" branch="False" />
                <line number="464" hits="0" branch="False" />
                <line number="465" hits="0" branch="False" />
                <line number="466" hits="0" branch="False" />
                <line number="467" hits="0" branch="False" />
                <line number="468" hits="0" branch="False" />
                <line number="469" hits="0" branch="False" />
                <line number="470" hits="0" branch="False" />
                <line number="471" hits="0" branch="False" />
                <line number="472" hits="0" branch="False" />
                <line number="473" hits="0" branch="False" />
                <line number="474" hits="0" branch="False" />
                <line number="477" hits="1" branch="False" />
                <line number="478" hits="1" branch="False" />
                <line number="479" hits="1" branch="False" />
                <line number="482" hits="1" branch="False" />
                <line number="483" hits="1" branch="False" />
                <line number="484" hits="1" branch="False" />
                <line number="485" hits="1" branch="False" />
                <line number="486" hits="1" branch="False" />
                <line number="487" hits="1" branch="False" />
                <line number="489" hits="3" branch="True" condition-coverage="50% (1/2)">
                  <conditions>
                    <condition number="4212" type="jump" coverage="50%" />
                  </conditions>
                </line>
                <line number="490" hits="0" branch="False" />
                <line number="491" hits="0" branch="False" />
                <line number="492" hits="0" branch="False" />
                <line number="495" hits="1" branch="False" />
                <line number="496" hits="1" branch="False" />
                <line number="497" hits="1" branch="False" />
                <line number="498" hits="1" branch="False" />
                <line number="499" hits="1" branch="False" />
                <line number="500" hits="1" branch="False" />
                <line number="501" hits="1" branch="False" />
                <line number="502" hits="1" branch="False" />
                <line number="503" hits="1" branch="False" />
                <line number="504" hits="1" branch="False" />
                <line number="505" hits="1" branch="False" />
                <line number="506" hits="1" branch="False" />
                <line number="507" hits="1" branch="False" />
                <line number="510" hits="1" branch="False" />
                <line number="511" hits="1" branch="False" />
                <line number="513" hits="1" branch="False" />
                <line number="515" hits="1" branch="False" />
                <line number="516" hits="1" branch="False" />
                <line number="517" hits="1" branch="False" />
                <line number="518" hits="1" branch="False" />
                <line number="519" hits="1" branch="False" />
                <line number="520" hits="1" branch="False" />
                <line number="521" hits="1" branch="False" />
                <line number="522" hits="3" branch="False" />
              </lines>
            </method>
          </methods>
          <lines>
            <line number="361" hits="3" branch="False" />
            <line number="362" hits="3" branch="True" condition-coverage="50% (1/2)">
              <conditions>
                <condition number="248" type="jump" coverage="50%" />
              </conditions>
            </line>
            <line number="363" hits="0" branch="False" />
            <line number="365" hits="3" branch="False" />
            <line number="366" hits="3" branch="False" />
            <line number="367" hits="3" branch="True" condition-coverage="50% (1/2)">
              <conditions>
                <condition number="470" type="jump" coverage="50%" />
              </conditions>
            </line>
            <line number="368" hits="0" branch="False" />
            <line number="369" hits="0" branch="False" />
            <line number="371" hits="0" branch="False" />
            <line number="374" hits="3" branch="False" />
            <line number="375" hits="3" branch="False" />
            <line number="376" hits="3" branch="False" />
            <line number="378" hits="3" branch="True" condition-coverage="100% (2/2)">
              <conditions>
                <condition number="849" type="jump" coverage="100%" />
              </conditions>
            </line>
            <line number="379" hits="1" branch="False" />
            <line number="380" hits="1" branch="False" />
            <line number="381" hits="1" branch="False" />
            <line number="386" hits="2" branch="True" condition-coverage="50% (1/2)">
              <conditions>
                <condition number="1066" type="jump" coverage="50%" />
              </conditions>
            </line>
            <line number="387" hits="0" branch="False" />
            <line number="388" hits="0" branch="True" condition-coverage="0% (0/2)">
              <conditions>
                <condition number="1111" type="jump" coverage="0%" />
              </conditions>
            </line>
            <line number="389" hits="0" branch="False" />
            <line number="390" hits="0" branch="False" />
            <line number="391" hits="0" branch="False" />
            <line number="393" hits="0" branch="False" />
            <line number="394" hits="0" branch="False" />
            <line number="395" hits="0" branch="False" />
            <line number="396" hits="0" branch="False" />
            <line number="397" hits="0" branch="False" />
            <line number="399" hits="1" branch="False" />
            <line number="402" hits="1" branch="False" />
            <line number="403" hits="1" branch="False" />
            <line number="405" hits="1" branch="True" condition-coverage="100% (2/2)">
              <conditions>
                <condition number="1887" type="jump" coverage="100%" />
              </conditions>
            </line>
            <line number="406" hits="1" branch="False" />
            <line number="408" hits="1" branch="False" />
            <line number="409" hits="1" branch="False" />
            <line number="410" hits="1" branch="False" />
            <line number="411" hits="1" branch="False" />
            <line number="412" hits="1" branch="False" />
            <line number="414" hits="1" branch="True" condition-coverage="50% (1/2)">
              <conditions>
                <condition number="2144" type="jump" coverage="50%" />
              </conditions>
            </line>
            <line number="415" hits="0" branch="False" />
            <line number="417" hits="0" branch="False" />
            <line number="418" hits="0" branch="False" />
            <line number="421" hits="1" branch="False" />
            <line number="424" hits="1" branch="False" />
            <line number="425" hits="1" branch="False" />
            <line number="427" hits="1" branch="True" condition-coverage="50% (1/2)">
              <conditions>
                <condition number="2590" type="jump" coverage="50%" />
              </conditions>
            </line>
            <line number="428" hits="0" branch="False" />
            <line number="430" hits="0" branch="True" condition-coverage="0% (0/4)">
              <conditions>
                <condition number="2634" type="jump" coverage="0%" />
                <condition number="2799" type="jump" coverage="0%" />
              </conditions>
            </line>
            <line number="431" hits="0" branch="False" />
            <line number="432" hits="0" branch="False" />
            <line number="433" hits="0" branch="False" />
            <line number="435" hits="0" branch="False" />
            <line number="437" hits="0" branch="False" />
            <line number="438" hits="0" branch="True" condition-coverage="0% (0/6)">
              <conditions>
                <condition number="2876" type="jump" coverage="0%" />
                <condition number="2903" type="jump" coverage="0%" />
                <condition number="2911" type="jump" coverage="0%" />
              </conditions>
            </line>
            <line number="439" hits="0" branch="False" />
            <line number="440" hits="0" branch="False" />
            <line number="441" hits="0" branch="False" />
            <line number="442" hits="0" branch="False" />
            <line number="443" hits="0" branch="False" />
            <line number="444" hits="0" branch="False" />
            <line number="445" hits="0" branch="False" />
            <line number="446" hits="0" branch="False" />
            <line number="448" hits="0" branch="False" />
            <line number="451" hits="1" branch="False" />
            <line number="452" hits="1" branch="False" />
            <line number="453" hits="1" branch="False" />
            <line number="454" hits="1" branch="False" />
            <line number="455" hits="1" branch="False" />
            <line number="457" hits="1" branch="True" condition-coverage="50% (2/4)">
              <conditions>
                <condition number="3322" type="jump" coverage="50%" />
                <condition number="3342" type="jump" coverage="50%" />
              </conditions>
            </line>
            <line number="458" hits="0" branch="False" />
            <line number="459" hits="0" branch="False" />
            <line number="460" hits="0" branch="False" />
            <line number="461" hits="0" branch="False" />
            <line number="462" hits="0" branch="False" />
            <line number="463" hits="0" branch="False" />
            <line number="464" hits="0" branch="False" />
            <line number="465" hits="0" branch="False" />
            <line number="466" hits="0" branch="False" />
            <line number="467" hits="0" branch="False" />
            <line number="468" hits="0" branch="False" />
            <line number="469" hits="0" branch="False" />
            <line number="470" hits="0" branch="False" />
            <line number="471" hits="0" branch="False" />
            <line number="472" hits="0" branch="False" />
            <line number="473" hits="0" branch="False" />
            <line number="474" hits="0" branch="False" />
            <line number="477" hits="1" branch="False" />
            <line number="478" hits="1" branch="False" />
            <line number="479" hits="1" branch="False" />
            <line number="482" hits="1" branch="False" />
            <line number="483" hits="1" branch="False" />
            <line number="484" hits="1" branch="False" />
            <line number="485" hits="1" branch="False" />
            <line number="486" hits="1" branch="False" />
            <line number="487" hits="1" branch="False" />
            <line number="489" hits="3" branch="True" condition-coverage="50% (1/2)">
              <conditions>
                <condition number="4212" type="jump" coverage="50%" />
              </conditions>
            </line>
            <line number="490" hits="0" branch="False" />
            <line number="491" hits="0" branch="False" />
            <line number="492" hits="0" branch="False" />
            <line number="495" hits="1" branch="False" />
            <line number="496" hits="1" branch="False" />
            <line number="497" hits="1" branch="False" />
            <line number="498" hits="1" branch="False" />
            <line number="499" hits="1" branch="False" />
            <line number="500" hits="1" branch="False" />
            <line number="501" hits="1" branch="False" />
            <line number="502" hits="1" branch="False" />
            <line number="503" hits="1" branch="False" />
            <line number="504" hits="1" branch="False" />
            <line number="505" hits="1" branch="False" />
            <line number="506" hits="1" branch="False" />
            <line number="507" hits="1" branch="False" />
            <line number="510" hits="1" branch="False" />
            <line number="511" hits="1" branch="False" />
            <line number="513" hits="1" branch="False" />
            <line number="515" hits="1" branch="False" />
            <line number="516" hits="1" branch="False" />
            <line number="517" hits="1" branch="False" />
            <line number="518" hits="1" branch="False" />
            <line number="519" hits="1" branch="False" />
            <line number="520" hits="1" branch="False" />
            <line number="521" hits="1" branch="False" />
            <line number="522" hits="3" branch="False" />
          </lines>
        </class>
        <class name="Upkilo.Infrastructure.Services.AuthService/&lt;LoginWithBiometricAsync&gt;d__53" filename="AuthService.cs" line-rate="0" branch-rate="0" complexity="4">
          <methods>
            <method name="MoveNext" signature="()" line-rate="0" branch-rate="0" complexity="4">
              <lines>
                <line number="1386" hits="0" branch="False" />
                <line number="1387" hits="0" branch="False" />
                <line number="1388" hits="0" branch="True" condition-coverage="0% (0/2)">
                  <conditions>
                    <condition number="344" type="jump" coverage="0%" />
                  </conditions>
                </line>
                <line number="1389" hits="0" branch="False" />
                <line number="1391" hits="0" branch="True" condition-coverage="0% (0/2)">
                  <conditions>
                    <condition number="395" type="jump" coverage="0%" />
                  </conditions>
                </line>
                <line number="1392" hits="0" branch="False" />
                <line number="1394" hits="0" branch="False" />
                <line number="1395" hits="0" branch="False" />
                <line number="1396" hits="0" branch="False" />
                <line number="1398" hits="0" branch="False" />
                <line number="1399" hits="0" branch="False" />
                <line number="1400" hits="0" branch="False" />
                <line number="1401" hits="0" branch="False" />
                <line number="1402" hits="0" branch="False" />
                <line number="1403" hits="0" branch="False" />
                <line number="1404" hits="0" branch="False" />
                <line number="1405" hits="0" branch="False" />
                <line number="1406" hits="0" branch="False" />
                <line number="1407" hits="0" branch="False" />
                <line number="1408" hits="0" branch="False" />
                <line number="1409" hits="0" branch="False" />
                <line number="1411" hits="0" branch="False" />
                <line number="1412" hits="0" branch="False" />
                <line number="1414" hits="0" branch="False" />
                <line number="1415" hits="0" branch="False" />
                <line number="1417" hits="0" branch="False" />
                <line number="1418" hits="0" branch="False" />
                <line number="1419" hits="0" branch="False" />
                <line number="1420" hits="0" branch="False" />
                <line number="1421" hits="0" branch="False" />
                <line number="1422" hits="0" branch="False" />
                <line number="1423" hits="0" branch="False" />
                <line number="1424" hits="0" branch="False" />
              </lines>
            </method>
          </methods>
          <lines>
            <line number="1386" hits="0" branch="False" />
            <line number="1387" hits="0" branch="False" />
            <line number="1388" hits="0" branch="True" condition-coverage="0% (0/2)">
              <conditions>
                <condition number="344" type="jump" coverage="0%" />
              </conditions>
            </line>
            <line number="1389" hits="0" branch="False" />
            <line number="1391" hits="0" branch="True" condition-coverage="0% (0/2)">
              <conditions>
                <condition number="395" type="jump" coverage="0%" />
              </conditions>
            </line>
            <line number="1392" hits="0" branch="False" />
            <line number="1394" hits="0" branch="False" />
            <line number="1395" hits="0" branch="False" />
            <line number="1396" hits="0" branch="False" />
            <line number="1398" hits="0" branch="False" />
            <line number="1399" hits="0" branch="False" />
            <line number="1400" hits="0" branch="False" />
            <line number="1401" hits="0" branch="False" />
            <line number="1402" hits="0" branch="False" />
            <line number="1403" hits="0" branch="False" />
            <line number="1404" hits="0" branch="False" />
            <line number="1405" hits="0" branch="False" />
            <line number="1406" hits="0" branch="False" />
            <line number="1407" hits="0" branch="False" />
            <line number="1408" hits="0" branch="False" />
            <line number="1409" hits="0" branch="False" />
            <line number="1411" hits="0" branch="False" />
            <line number="1412" hits="0" branch="False" />
[...]
                <line number="51" hits="6" branch="False" />
                <line number="52" hits="6" branch="False" />
                <line number="53" hits="6" branch="False" />
                <line number="54" hits="6" branch="False" />
                <line number="56" hits="6" branch="True" condition-coverage="91.66% (11/12)">
                  <conditions>
                    <condition number="306" type="jump" coverage="100%" />
                    <condition number="320" type="jump" coverage="100%" />
                    <condition number="337" type="jump" coverage="100%" />
                    <condition number="354" type="jump" coverage="100%" />
                    <condition number="371" type="jump" coverage="100%" />
                    <condition number="388" type="jump" coverage="50%" />
                  </conditions>
                </line>
                <line number="59" hits="1" branch="False" />
                <line number="60" hits="1" branch="False" />
                <line number="62" hits="1" branch="False" />
                <line number="63" hits="1" branch="False" />
                <line number="65" hits="1" branch="False" />
                <line number="66" hits="1" branch="False" />
                <line number="68" hits="1" branch="False" />
                <line number="69" hits="1" branch="False" />
                <line number="71" hits="1" branch="False" />
                <line number="72" hits="1" branch="False" />
                <line number="74" hits="1" branch="False" />
                <line number="75" hits="1" branch="False" />
                <line number="77" hits="0" branch="False" />
                <line number="80" hits="6" branch="False" />
                <line number="82" hits="0" branch="False" />
                <line number="83" hits="0" branch="False" />
                <line number="84" hits="0" branch="False" />
                <line number="86" hits="6" branch="False" />
              </lines>
            </method>
          </methods>
          <lines>
            <line number="46" hits="6" branch="False" />
            <line number="47" hits="6" branch="False" />
            <line number="48" hits="6" branch="False" />
            <line number="51" hits="6" branch="False" />
            <line number="52" hits="6" branch="False" />
            <line number="53" hits="6" branch="False" />
            <line number="54" hits="6" branch="False" />
            <line number="56" hits="6" branch="True" condition-coverage="91.66% (11/12)">
              <conditions>
                <condition number="306" type="jump" coverage="100%" />
                <condition number="320" type="jump" coverage="100%" />
                <condition number="337" type="jump" coverage="100%" />
                <condition number="354" type="jump" coverage="100%" />
                <condition number="371" type="jump" coverage="100%" />
                <condition number="388" type="jump" coverage="50%" />
              </conditions>
            </line>
            <line number="59" hits="1" branch="False" />
            <line number="60" hits="1" branch="False" />
            <line number="62" hits="1" branch="False" />
            <line number="63" hits="1" branch="False" />
            <line number="65" hits="1" branch="False" />
            <line number="66" hits="1" branch="False" />
            <line number="68" hits="1" branch="False" />
            <line number="69" hits="1" branch="False" />
            <line number="71" hits="1" branch="False" />
            <line number="72" hits="1" branch="False" />
            <line number="74" hits="1" branch="False" />
            <line number="75" hits="1" branch="False" />
            <line number="77" hits="0" branch="False" />
            <line number="80" hits="6" branch="False" />
            <line number="82" hits="0" branch="False" />
            <line number="83" hits="0" branch="False" />
            <line number="84" hits="0" branch="False" />
            <line number="86" hits="6" branch="False" />
          </lines>
        </class>
        <class name="Upkilo.Infrastructure.Services.WorkflowStepExecutor/&lt;HandleCreateTaskStepAsync&gt;d__17" filename="WorkflowStepExecutor.cs" line-rate="1" branch-rate="0.5832999999999999" complexity="12">
          <methods>
            <method name="MoveNext" signature="()" line-rate="1" branch-rate="0.5832999999999999" complexity="12">
              <lines>
                <line number="201" hits="1" branch="False" />
                <line number="202" hits="1" branch="True" condition-coverage="50% (4/8)">
                  <conditions>
                    <condition number="81" type="jump" coverage="50%" />
                    <condition number="138" type="jump" coverage="50%" />
                    <condition number="186" type="jump" coverage="50%" />
                    <condition number="207" type="jump" coverage="50%" />
                  </conditions>
                </line>
                <line number="203" hits="1" branch="False" />
                <line number="204" hits="1" branch="False" />
                <line number="205" hits="1" branch="False" />
                <line number="206" hits="1" branch="False" />
                <line number="207" hits="1" branch="False" />
                <line number="208" hits="1" branch="False" />
                <line number="209" hits="1" branch="False" />
                <line number="210" hits="1" branch="False" />
                <line number="211" hits="1" branch="False" />
                <line number="213" hits="1" branch="True" condition-coverage="75% (3/4)">
                  <conditions>
                    <condition number="272" type="jump" coverage="50%" />
                    <condition number="301" type="jump" coverage="100%" />
                  </conditions>
                </line>
                <line number="214" hits="1" branch="False" />
                <line number="216" hits="1" branch="False" />
                <line number="217" hits="1" branch="False" />
                <line number="218" hits="1" branch="False" />
              </lines>
            </method>
          </methods>
          <lines>
            <line number="201" hits="1" branch="False" />
            <line number="202" hits="1" branch="True" condition-coverage="50% (4/8)">
              <conditions>
                <condition number="81" type="jump" coverage="50%" />
                <condition number="138" type="jump" coverage="50%" />
                <condition number="186" type="jump" coverage="50%" />
                <condition number="207" type="jump" coverage="50%" />
              </conditions>
            </line>
            <line number="203" hits="1" branch="False" />
            <line number="204" hits="1" branch="False" />
            <line number="205" hits="1" branch="False" />
            <line number="206" hits="1" branch="False" />
            <line number="207" hits="1" branch="False" />
            <line number="208" hits="1" branch="False" />
            <line number="209" hits="1" branch="False" />
            <line number="210" hits="1" branch="False" />
            <line number="211" hits="1" branch="False" />
            <line number="213" hits="1" branch="True" condition-coverage="75% (3/4)">
              <conditions>
                <condition number="272" type="jump" coverage="50%" />
                <condition number="301" type="jump" coverage="100%" />
              </conditions>
            </line>
            <line number="214" hits="1" branch="False" />
            <line number="216" hits="1" branch="False" />
            <line number="217" hits="1" branch="False" />
            <line number="218" hits="1" branch="False" />
          </lines>
        </class>
        <class name="Upkilo.Infrastructure.Services.WorkflowStepExecutor/&lt;HandleDiscordStepAsync&gt;d__16" filename="WorkflowStepExecutor.cs" line-rate="1" branch-rate="0.75" complexity="4">
          <methods>
            <method name="MoveNext" signature="()" line-rate="1" branch-rate="0.75" complexity="4">
              <lines>
                <line number="193" hits="1" branch="False" />
                <line number="194" hits="1" branch="False" />
                <line number="195" hits="1" branch="True" condition-coverage="50% (1/2)">
                  <conditions>
                    <condition number="80" type="jump" coverage="50%" />
                  </conditions>
                </line>
                <line number="196" hits="1" branch="True" condition-coverage="100% (2/2)">
                  <conditions>
                    <condition number="120" type="jump" coverage="100%" />
                  </conditions>
                </line>
                <line number="197" hits="1" branch="False" />
                <line number="198" hits="1" branch="False" />
              </lines>
            </method>
          </methods>
          <lines>
            <line number="193" hits="1" branch="False" />
            <line number="194" hits="1" branch="False" />
            <line number="195" hits="1" branch="True" condition-coverage="50% (1/2)">
              <conditions>
                <condition number="80" type="jump" coverage="50%" />
              </conditions>
            </line>
            <line number="196" hits="1" branch="True" condition-coverage="100% (2/2)">
              <conditions>
                <condition number="120" type="jump" coverage="100%" />
              </conditions>
            </line>
            <line number="197" hits="1" branch="False" />
            <line number="198" hits="1" branch="False" />
          </lines>
        </class>
        <class name="Upkilo.Infrastructure.Services.WorkflowStepExecutor/&lt;HandleEmailStepAsync&gt;d__12" filename="WorkflowStepExecutor.cs" line-rate="1" branch-rate="0.5" complexity="6">
          <methods>
            <method name="MoveNext" signature="()" line-rate="1" branch-rate="0.5" complexity="6">
              <lines>
                <line number="162" hits="1" branch="False" />
                <line number="163" hits="1" branch="True" condition-coverage="50% (1/2)">
                  <conditions>
                    <condition number="50" type="jump" coverage="50%" />
                  </conditions>
                </line>
                <line number="164" hits="1" branch="True" condition-coverage="50% (1/2)">
                  <conditions>
                    <condition number="106" type="jump" coverage="50%" />
                  </conditions>
                </line>
                <line number="165" hits="1" branch="True" condition-coverage="50% (1/2)">
                  <conditions>
                    <condition number="162" type="jump" coverage="50%" />
                  </conditions>
                </line>
                <line number="167" hits="1" branch="False" />
                <line number="168" hits="1" branch="False" />
              </lines>
            </method>
          </methods>
          <lines>
            <line number="162" hits="1" branch="False" />
            <line number="163" hits="1" branch="True" condition-coverage="50% (1/2)">
              <conditions>
                <condition number="50" type="jump" coverage="50%" />
              </conditions>
            </line>
            <line number="164" hits="1" branch="True" condition-coverage="50% (1/2)">
              <conditions>
                <condition number="106" type="jump" coverage="50%" />
              </conditions>
            </line>
            <line number="165" hits="1" branch="True" condition-coverage="50% (1/2)">
              <conditions>
                <condition number="162" type="jump" coverage="50%" />
              </conditions>
            </line>
            <line number="167" hits="1" branch="False" />
            <line number="168" hits="1" branch="False" />
          </lines>
        </class>
        <class name="Upkilo.Infrastructure.Services.WorkflowStepExecutor/&lt;HandleSlackStepAsync&gt;d__15" filename="WorkflowStepExecutor.cs" line-rate="1" branch-rate="0.75" complexity="4">
          <methods>
            <method name="MoveNext" signature="()" line-rate="1" branch-rate="0.75" complexity="4">
              <lines>
                <line number="185" hits="1" branch="False" />
                <line number="186" hits="1" branch="False" />
                <line number="187" hits="1" branch="True" condition-coverage="50% (1/2)">
                  <conditions>
                    <condition number="80" type="jump" coverage="50%" />
                  </conditions>
                </line>
                <line number="188" hits="1" branch="True" condition-coverage="100% (2/2)">
                  <conditions>
                    <condition number="120" type="jump" coverage="100%" />
                  </conditions>
                </line>
                <line number="189" hits="1" branch="False" />
                <line number="190" hits="1" branch="False" />
              </lines>
            </method>
          </methods>
          <lines>
            <line number="185" hits="1" branch="False" />
            <line number="186" hits="1" branch="False" />
            <line number="187" hits="1" branch="True" condition-coverage="50% (1/2)">
              <conditions>
                <condition number="80" type="jump" coverage="50%" />
              </conditions>
            </line>
            <line number="188" hits="1" branch="True" condition-coverage="100% (2/2)">
              <conditions>
                <condition number="120" type="jump" coverage="100%" />
              </conditions>
            </line>
            <line number="189" hits="1" branch="False" />
            <line number="190" hits="1" branch="False" />
          </lines>
        </class>
        <class name="Upkilo.Infrastructure.Services.WorkflowStepExecutor/&lt;HandleSmsStepAsync&gt;d__13" filename="WorkflowStepExecutor.cs" line-rate="1" branch-rate="0.5" complexity="4">
          <methods>
            <method name="MoveNext" signature="()" line-rate="1" branch-rate="0.5" complexity="4">
              <lines>
                <line number="171" hits="1" branch="False" />
                <line number="172" hits="1" branch="True" condition-coverage="50% (1/2)">
                  <conditions>
                    <condition number="50" type="jump" coverage="50%" />
                  </conditions>
                </line>
                <line number="173" hits="1" branch="True" condition-coverage="50% (1/2)">
                  <conditions>
                    <condition number="106" type="jump" coverage="50%" />
                  </conditions>
                </line>
                <line number="175" hits="1" branch="False" />
                <line number="176" hits="1" branch="False" />
              </lines>
            </method>
          </methods>
          <lines>
            <line number="171" hits="1" branch="False" />
            <line number="172" hits="1" branch="True" condition-coverage="50% (1/2)">
              <conditions>
                <condition number="50" type="jump" coverage="50%" />
              </conditions>
            </line>
            <line number="173" hits="1" branch="True" condition-coverage="50% (1/2)">
              <conditions>
                <condition number="106" type="jump" coverage="50%" />
              </conditions>
            </line>
            <line number="175" hits="1" branch="False" />
            <line number="176" hits="1" branch="False" />
          </lines>
        </class>
        <class name="Upkilo.Infrastructure.Services.WorkflowStepExecutor/&lt;HandleSplitTestStepAsync&gt;d__18" filename="WorkflowStepExecutor.cs" line-rate="0" branch-rate="0" complexity="8">
          <methods>
            <method name="MoveNext" signature="()" line-rate="0" branch-rate="0" complexity="8">
              <lines>
                <line number="221" hits="0" branch="False" />
                <line number="222" hits="0" branch="False" />
                <line number="223" hits="0" branch="False" />
                <line number="224" hits="0" branch="True" condition-coverage="0% (0/2)">
                  <conditions>
                    <condition number="54" type="jump" coverage="0%" />
                  </conditions>
                </line>
                <line number="226" hits="0" branch="True" condition-coverage="0% (0/4)">
                  <conditions>
                    <condition number="96" type="jump" coverage="0%" />
                    <condition number="117" type="jump" coverage="0%" />
                  </conditions>
                </line>
                <line number="227" hits="0" branch="False" />
                <line number="228" hits="0" branch="True" condition-coverage="0% (0/2)">
                  <conditions>
                    <condition number="190" type="jump" coverage="0%" />
                  </conditions>
                </line>
                <line number="229" hits="0" branch="False" />
                <line number="231" hits="0" branch="False" />
                <line number="232" hits="0" branch="False" />
                <line number="233" hits="0" branch="False" />
              </lines>
            </method>
          </methods>
          <lines>
            <line number="221" hits="0" branch="False" />
            <line number="222" hits="0" branch="False" />
            <line number="223" hits="0" branch="False" />
            <line number="224" hits="0" branch="True" condition-coverage="0% (0/2)">
              <conditions>
                <condition number="54" type="jump" coverage="0%" />
              </conditions>
            </line>
            <line number="226" hits="0" branch="True" condition-coverage="0% (0/4)">
              <conditions>
                <condition number="96" type="jump" coverage="0%" />
                <condition number="117" type="jump" coverage="0%" />
              </conditions>
            </line>
            <line number="227" hits="0" branch="False" />
            <line number="228" hits="0" branch="True" condition-coverage="0% (0/2)">
              <conditions>
                <condition number="190" type="jump" coverage="0%" />
              </conditions>
            </line>
            <line number="229" hits="0" branch="False" />
            <line number="231" hits="0" branch="False" />
            <line number="232" hits="0" branch="False" />
            <line number="233" hits="0" branch="False" />
          </lines>
        </class>
        <class name="Upkilo.Infrastructure.Services.WorkflowStepExecutor/&lt;HandleWebhookStepAsync&gt;d__14" filename="WorkflowStepExecutor.cs" line-rate="1" branch-rate="0.5" complexity="2">
          <methods>
            <method name="MoveNext" signature="()" line-rate="1" branch-rate="0.5" complexity="2">
              <lines>
                <line number="179" hits="1" branch="False" />
                <line number="180" hits="1" branch="True" condition-coverage="50% (1/2)">
                  <conditions>
                    <condition number="41" type="jump" coverage="50%" />
                  </conditions>
                </line>
                <line number="181" hits="1" branch="False" />
                <line number="182" hits="1" branch="False" />
              </lines>
            </method>
          </methods>
          <lines>
            <line number="179" hits="1" branch="False" />
            <line number="180" hits="1" branch="True" condition-coverage="50% (1/2)">
              <conditions>
                <condition number="41" type="jump" coverage="50%" />
              </conditions>
            </line>
            <line number="181" hits="1" branch="False" />
            <line number="182" hits="1" branch="False" />
          </lines>
        </class>
      </classes>
    </package>
  </packages>
</coverage>